<?xml version="1.0" encoding="UTF-8"?>
<!-- Generated by org.testng.reporters.JUnitXMLReporter -->
<testsuite ignored="0" hostname="LTIN518485" failures="2" tests="3" name="Surefire test" time="210.007" errors="0" timestamp="2024-06-17T11:31:47 IST">
  <testcase classname="io.cucumber.testng.AbstractTestNGCucumberTests" name="runScenario" time="75.14">
    <failure type="java.lang.NumberFormatException" message="For input string: &amp;quot;₹4.99&amp;quot;">
      <![CDATA[java.lang.NumberFormatException: For input string: "₹4.99"
at java.base/jdk.internal.math.FloatingDecimal.readJavaFormatString(FloatingDecimal.java:2054)
at java.base/jdk.internal.math.FloatingDecimal.parseDouble(FloatingDecimal.java:110)
at java.base/java.lang.Double.parseDouble(Double.java:651)
at PageObject.UpcomingBikesPage.getUpcomeingBikesDetails(UpcomingBikesPage.java:105)
at StepsDefinition.UpcomingBikes.getBikesDetails(UpcomingBikes.java:74)
at ✽.print bike name, expected price and launch date of bikes priced below 4Lakhs(file:///C:/Users/2318744/eclipse-workspace/hackprojcucu/./Features/hackathon.feature:8)
]]>
    </failure>
  </testcase> <!-- runScenario -->
  <testcase classname="io.cucumber.testng.AbstractTestNGCucumberTests" name="runScenario" time="68.862"/>
  <testcase classname="io.cucumber.testng.AbstractTestNGCucumberTests" name="runScenario" time="64.791">
    <failure type="java.lang.IndexOutOfBoundsException" message="Index 1 out of bounds for length 1">
      <![CDATA[java.lang.IndexOutOfBoundsException: Index 1 out of bounds for length 1
at java.base/jdk.internal.util.Preconditions.outOfBounds(Preconditions.java:64)
at java.base/jdk.internal.util.Preconditions.outOfBoundsCheckIndex(Preconditions.java:70)
at java.base/jdk.internal.util.Preconditions.checkIndex(Preconditions.java:266)
at java.base/java.util.Objects.checkIndex(Objects.java:359)
at java.base/java.util.ArrayList.get(ArrayList.java:427)
at PageObject.GoogleLoginPage.swithtoWindow(GoogleLoginPage.java:48)
at StepsDefinition.GoogleLogin.putMail(GoogleLogin.java:45)
at ✽.entered email and clicked next(file:///C:/Users/2318744/eclipse-workspace/hackprojcucu/./Features/hackathon.feature:20)
]]>
    </failure>
  </testcase> <!-- runScenario -->
</testsuite> <!-- Surefire test -->
