<?xml version="1.0" encoding="UTF-8"?>
<!-- Generated by org.testng.reporters.JUnitReportReporter -->
<testsuite hostname="LTIN518485" failures="0" tests="3" name="TestRunner.TestRunner" time="208.793" errors="2" timestamp="2024-06-17T11:31:47 IST" skipped="0">
  <testcase classname="TestRunner.TestRunner" name="runScenario" time="68.862"/>
  <testcase classname="TestRunner.TestRunner" name="runScenario" time="64.791">
    <error message="Index 1 out of bounds for length 1" type="java.lang.IndexOutOfBoundsException">
      <![CDATA[java.lang.IndexOutOfBoundsException: Index 1 out of bounds for length 1
at java.base/jdk.internal.util.Preconditions.outOfBounds(Preconditions.java:64)
at java.base/jdk.internal.util.Preconditions.outOfBoundsCheckIndex(Preconditions.java:70)
at java.base/jdk.internal.util.Preconditions.checkIndex(Preconditions.java:266)
at java.base/java.util.Objects.checkIndex(Objects.java:359)
at java.base/java.util.ArrayList.get(ArrayList.java:427)
at PageObject.GoogleLoginPage.swithtoWindow(GoogleLoginPage.java:48)
at StepsDefinition.GoogleLogin.putMail(GoogleLogin.java:45)
at ✽.entered email and clicked next(file:///C:/Users/2318744/eclipse-workspace/hackprojcucu/./Features/hackathon.feature:20)
]]>
    </error>
  </testcase> <!-- runScenario -->
  <testcase classname="TestRunner.TestRunner" name="runScenario" time="75.140">
    <error message="For input string: &quot;₹4.99&quot;" type="java.lang.NumberFormatException">
      <![CDATA[java.lang.NumberFormatException: For input string: "₹4.99"
at java.base/jdk.internal.math.FloatingDecimal.readJavaFormatString(FloatingDecimal.java:2054)
at java.base/jdk.internal.math.FloatingDecimal.parseDouble(FloatingDecimal.java:110)
at java.base/java.lang.Double.parseDouble(Double.java:651)
at PageObject.UpcomingBikesPage.getUpcomeingBikesDetails(UpcomingBikesPage.java:105)
at StepsDefinition.UpcomingBikes.getBikesDetails(UpcomingBikes.java:74)
at ✽.print bike name, expected price and launch date of bikes priced below 4Lakhs(file:///C:/Users/2318744/eclipse-workspace/hackprojcucu/./Features/hackathon.feature:8)
]]>
    </error>
  </testcase> <!-- runScenario -->
</testsuite> <!-- TestRunner.TestRunner -->
